<?xml version="1.0" encoding="UTF-8"?>
<coverage generated="1768029470045" clover="3.2.0">
  <project timestamp="1768029470045" name="All files">
    <metrics statements="106" coveredstatements="105" conditionals="23" coveredconditionals="22" methods="19" coveredmethods="19" elements="148" coveredelements="146" complexity="0" loc="106" ncloc="106" packages="1" files="6" classes="6"/>
    <file name="cached_value.js" path="/home/user/cryfs-web-next/backend/cached_value.js">
      <metrics statements="7" coveredstatements="7" conditionals="2" coveredconditionals="2" methods="3" coveredmethods="3"/>
      <line num="7" count="12" type="stmt"/>
      <line num="8" count="12" type="stmt"/>
      <line num="11" count="12" type="stmt"/>
      <line num="12" count="62" type="stmt"/>
      <line num="13" count="62" type="cond" truecount="2" falsecount="0"/>
      <line num="14" count="14" type="stmt"/>
      <line num="16" count="60" type="stmt"/>
    </file>
    <file name="contact.js" path="/home/user/cryfs-web-next/backend/contact.js">
      <metrics statements="10" coveredstatements="10" conditionals="2" coveredconditionals="2" methods="2" coveredmethods="2"/>
      <line num="6" count="1" type="stmt"/>
      <line num="7" count="13" type="stmt"/>
      <line num="8" count="13" type="cond" truecount="2" falsecount="0"/>
      <line num="9" count="3" type="stmt"/>
      <line num="11" count="10" type="stmt"/>
      <line num="13" count="13" type="stmt"/>
      <line num="14" count="12" type="stmt"/>
      <line num="17" count="1" type="stmt"/>
      <line num="18" count="13" type="stmt"/>
      <line num="20" count="12" type="stmt"/>
    </file>
    <file name="email.js" path="/home/user/cryfs-web-next/backend/email.js">
      <metrics statements="10" coveredstatements="10" conditionals="5" coveredconditionals="5" methods="2" coveredmethods="2"/>
      <line num="7" count="1" type="stmt"/>
      <line num="8" count="1" type="stmt"/>
      <line num="9" count="1" type="stmt"/>
      <line num="10" count="1" type="stmt"/>
      <line num="13" count="1" type="cond" truecount="1" falsecount="0"/>
      <line num="14" count="11" type="stmt"/>
      <line num="23" count="11" type="cond" truecount="4" falsecount="0"/>
      <line num="24" count="1" type="stmt"/>
      <line num="26" count="11" type="stmt"/>
      <line num="27" count="11" type="stmt"/>
    </file>
    <file name="lambda_function.js" path="/home/user/cryfs-web-next/backend/lambda_function.js">
      <metrics statements="14" coveredstatements="14" conditionals="4" coveredconditionals="4" methods="2" coveredmethods="2"/>
      <line num="5" count="3" type="stmt"/>
      <line num="7" count="3" type="stmt"/>
      <line num="13" count="3" type="stmt"/>
      <line num="14" count="14" type="stmt"/>
      <line num="15" count="40" type="stmt"/>
      <line num="16" count="40" type="stmt"/>
      <line num="18" count="39" type="cond" truecount="2" falsecount="0"/>
      <line num="20" count="3" type="stmt"/>
      <line num="30" count="36" type="stmt"/>
      <line num="31" count="32" type="cond" truecount="2" falsecount="0"/>
      <line num="32" count="32" type="stmt"/>
      <line num="35" count="5" type="stmt"/>
      <line num="36" count="5" type="stmt"/>
      <line num="38" count="5" type="stmt"/>
    </file>
    <file name="newsletter.js" path="/home/user/cryfs-web-next/backend/newsletter.js">
      <metrics statements="47" coveredstatements="47" conditionals="8" coveredconditionals="8" methods="6" coveredmethods="6"/>
      <line num="10" count="1" type="stmt"/>
      <line num="11" count="1" type="stmt"/>
      <line num="12" count="1" type="stmt"/>
      <line num="13" count="1" type="stmt"/>
      <line num="19" count="1" type="stmt"/>
      <line num="26" count="1" type="stmt"/>
      <line num="34" count="1" type="stmt"/>
      <line num="42" count="1" type="stmt"/>
      <line num="49" count="1" type="stmt"/>
      <line num="50" count="6" type="stmt"/>
      <line num="53" count="1" type="stmt"/>
      <line num="54" count="4" type="stmt"/>
      <line num="55" count="4" type="stmt"/>
      <line num="58" count="4" type="stmt"/>
      <line num="62" count="1" type="stmt"/>
      <line num="63" count="2" type="stmt"/>
      <line num="64" count="2" type="stmt"/>
      <line num="73" count="1" type="stmt"/>
      <line num="74" count="14" type="stmt"/>
      <line num="75" count="14" type="stmt"/>
      <line num="76" count="14" type="stmt"/>
      <line num="84" count="9" type="cond" truecount="2" falsecount="0"/>
      <line num="85" count="4" type="stmt"/>
      <line num="86" count="4" type="cond" truecount="2" falsecount="0"/>
      <line num="87" count="2" type="stmt"/>
      <line num="88" count="2" type="stmt"/>
      <line num="90" count="2" type="stmt"/>
      <line num="92" count="2" type="stmt"/>
      <line num="93" count="2" type="stmt"/>
      <line num="94" count="2" type="stmt"/>
      <line num="95" count="2" type="stmt"/>
      <line num="97" count="5" type="cond" truecount="2" falsecount="0"/>
      <line num="98" count="3" type="stmt"/>
      <line num="99" count="3" type="stmt"/>
      <line num="100" count="3" type="stmt"/>
      <line num="101" count="2" type="cond" truecount="2" falsecount="0"/>
      <line num="102" count="1" type="stmt"/>
      <line num="103" count="1" type="stmt"/>
      <line num="104" count="1" type="stmt"/>
      <line num="106" count="1" type="stmt"/>
      <line num="107" count="1" type="stmt"/>
      <line num="108" count="1" type="stmt"/>
      <line num="112" count="5" type="stmt"/>
      <line num="113" count="5" type="stmt"/>
      <line num="115" count="5" type="stmt"/>
      <line num="118" count="1" type="stmt"/>
      <line num="119" count="14" type="stmt"/>
    </file>
    <file name="secret.js" path="/home/user/cryfs-web-next/backend/secret.js">
      <metrics statements="18" coveredstatements="17" conditionals="2" coveredconditionals="1" methods="4" coveredmethods="4"/>
      <line num="7" count="1" type="stmt"/>
      <line num="8" count="1" type="stmt"/>
      <line num="10" count="1" type="stmt"/>
      <line num="16" count="1" type="stmt"/>
      <line num="17" count="1" type="stmt"/>
      <line num="18" count="3" type="stmt"/>
      <line num="19" count="1" type="cond" truecount="1" falsecount="1"/>
      <line num="20" count="0" type="stmt"/>
      <line num="24" count="1" type="stmt"/>
      <line num="28" count="1" type="stmt"/>
      <line num="30" count="1" type="stmt"/>
      <line num="31" count="1" type="stmt"/>
      <line num="32" count="3" type="stmt"/>
      <line num="35" count="1" type="stmt"/>
      <line num="36" count="1" type="stmt"/>
      <line num="39" count="1" type="stmt"/>
      <line num="42" count="11" type="stmt"/>
      <line num="43" count="11" type="stmt"/>
    </file>
  </project>
</coverage>
