{"/home/user/cryfs-web-next/backend/cached_value.js": {"path":"/home/user/cryfs-web-next/backend/cached_value.js","statementMap":{"0":{"start":{"line":7,"column":8},"end":{"line":7,"column":32}},"1":{"start":{"line":8,"column":8},"end":{"line":8,"column":30}},"2":{"start":{"line":11,"column":10},"end":{"line":18,"column":5}},"3":{"start":{"line":12,"column":8},"end":{"line":17,"column":10}},"4":{"start":{"line":13,"column":12},"end":{"line":15,"column":13}},"5":{"start":{"line":14,"column":16},"end":{"line":14,"column":49}},"6":{"start":{"line":16,"column":12},"end":{"line":16,"column":29}}},"fnMap":{"0":{"name":"(anonymous_0)","decl":{"start":{"line":6,"column":4},"end":{"line":6,"column":5}},"loc":{"start":{"line":6,"column":25},"end":{"line":9,"column":5}},"line":6},"1":{"name":"(anonymous_1)","decl":{"start":{"line":11,"column":10},"end":{"line":11,"column":11}},"loc":{"start":{"line":11,"column":22},"end":{"line":18,"column":5}},"line":11},"2":{"name":"(anonymous_2)","decl":{"start":{"line":12,"column":45},"end":{"line":12,"column":46}},"loc":{"start":{"line":12,"column":57},"end":{"line":17,"column":9}},"line":12}},"branchMap":{"0":{"loc":{"start":{"line":13,"column":12},"end":{"line":15,"column":13}},"type":"if","locations":[{"start":{"line":13,"column":12},"end":{"line":15,"column":13}},{"start":{},"end":{}}],"line":13}},"s":{"0":12,"1":12,"2":12,"3":62,"4":62,"5":14,"6":60},"f":{"0":12,"1":62,"2":62},"b":{"0":[14,48]},"_coverageSchema":"1a1c01bbd47fc00a2c39e90264f33305004495a9","hash":"e3f821d872814ddc865782cfd302006fbc7f7d93"}
,"/home/user/cryfs-web-next/backend/contact.js": {"path":"/home/user/cryfs-web-next/backend/contact.js","statementMap":{"0":{"start":{"line":6,"column":16},"end":{"line":15,"column":1}},"1":{"start":{"line":7,"column":18},"end":{"line":7,"column":39}},"2":{"start":{"line":8,"column":4},"end":{"line":12,"column":5}},"3":{"start":{"line":9,"column":8},"end":{"line":9,"column":36}},"4":{"start":{"line":11,"column":8},"end":{"line":11,"column":42}},"5":{"start":{"line":13,"column":4},"end":{"line":13,"column":74}},"6":{"start":{"line":14,"column":4},"end":{"line":14,"column":68}},"7":{"start":{"line":17,"column":20},"end":{"line":26,"column":2}},"8":{"start":{"line":18,"column":4},"end":{"line":18,"column":49}},"9":{"start":{"line":20,"column":4},"end":{"line":25,"column":5}}},"fnMap":{"0":{"name":"(anonymous_0)","decl":{"start":{"line":6,"column":16},"end":{"line":6,"column":17}},"loc":{"start":{"line":6,"column":47},"end":{"line":15,"column":1}},"line":6},"1":{"name":"(anonymous_1)","decl":{"start":{"line":17,"column":35},"end":{"line":17,"column":36}},"loc":{"start":{"line":17,"column":51},"end":{"line":26,"column":1}},"line":17}},"branchMap":{"0":{"loc":{"start":{"line":8,"column":4},"end":{"line":12,"column":5}},"type":"if","locations":[{"start":{"line":8,"column":4},"end":{"line":12,"column":5}},{"start":{"line":10,"column":11},"end":{"line":12,"column":5}}],"line":8}},"s":{"0":1,"1":13,"2":13,"3":3,"4":10,"5":13,"6":12,"7":1,"8":13,"9":12},"f":{"0":13,"1":13},"b":{"0":[3,10]},"_coverageSchema":"1a1c01bbd47fc00a2c39e90264f33305004495a9","hash":"833529e306d08eda99a90dc343f0e89bf029bd6c"}
,"/home/user/cryfs-web-next/backend/email.js": {"path":"/home/user/cryfs-web-next/backend/email.js","statementMap":{"0":{"start":{"line":7,"column":17},"end":{"line":11,"column":2}},"1":{"start":{"line":8,"column":16},"end":{"line":8,"column":48}},"2":{"start":{"line":9,"column":4},"end":{"line":9,"column":28}},"3":{"start":{"line":10,"column":4},"end":{"line":10,"column":20}},"4":{"start":{"line":13,"column":28},"end":{"line":28,"column":1}},"5":{"start":{"line":14,"column":14},"end":{"line":22,"column":5}},"6":{"start":{"line":23,"column":4},"end":{"line":25,"column":5}},"7":{"start":{"line":24,"column":8},"end":{"line":24,"column":34}},"8":{"start":{"line":26,"column":15},"end":{"line":26,"column":35}},"9":{"start":{"line":27,"column":4},"end":{"line":27,"column":22}}},"fnMap":{"0":{"name":"(anonymous_0)","decl":{"start":{"line":7,"column":33},"end":{"line":7,"column":34}},"loc":{"start":{"line":7,"column":45},"end":{"line":11,"column":1}},"line":7},"1":{"name":"(anonymous_1)","decl":{"start":{"line":13,"column":28},"end":{"line":13,"column":29}},"loc":{"start":{"line":13,"column":84},"end":{"line":28,"column":1}},"line":13}},"branchMap":{"0":{"loc":{"start":{"line":13,"column":59},"end":{"line":13,"column":79}},"type":"default-arg","locations":[{"start":{"line":13,"column":70},"end":{"line":13,"column":79}}],"line":13},"1":{"loc":{"start":{"line":23,"column":4},"end":{"line":25,"column":5}},"type":"if","locations":[{"start":{"line":23,"column":4},"end":{"line":25,"column":5}},{"start":{},"end":{}}],"line":23},"2":{"loc":{"start":{"line":23,"column":8},"end":{"line":23,"column":58}},"type":"binary-expr","locations":[{"start":{"line":23,"column":8},"end":{"line":23,"column":39}},{"start":{"line":23,"column":43},"end":{"line":23,"column":58}}],"line":23}},"s":{"0":1,"1":1,"2":1,"3":1,"4":1,"5":11,"6":11,"7":1,"8":11,"9":11},"f":{"0":1,"1":11},"b":{"0":[9],"1":[1,10],"2":[11,2]},"_coverageSchema":"1a1c01bbd47fc00a2c39e90264f33305004495a9","hash":"d7a58488bc98fc35413581cbdd572dbe08984eb2"}
,"/home/user/cryfs-web-next/backend/lambda_function.js": {"path":"/home/user/cryfs-web-next/backend/lambda_function.js","statementMap":{"0":{"start":{"line":5,"column":14},"end":{"line":5,"column":26}},"1":{"start":{"line":7,"column":21},"end":{"line":11,"column":1}},"2":{"start":{"line":13,"column":30},"end":{"line":47,"column":1}},"3":{"start":{"line":14,"column":4},"end":{"line":46,"column":5}},"4":{"start":{"line":15,"column":8},"end":{"line":45,"column":9}},"5":{"start":{"line":16,"column":25},"end":{"line":16,"column":50}},"6":{"start":{"line":18,"column":12},"end":{"line":28,"column":13}},"7":{"start":{"line":20,"column":16},"end":{"line":27,"column":17}},"8":{"start":{"line":30,"column":29},"end":{"line":30,"column":55}},"9":{"start":{"line":31,"column":12},"end":{"line":31,"column":86}},"10":{"start":{"line":32,"column":12},"end":{"line":32,"column":27}},"11":{"start":{"line":35,"column":12},"end":{"line":35,"column":105}},"12":{"start":{"line":36,"column":12},"end":{"line":36,"column":138}},"13":{"start":{"line":38,"column":12},"end":{"line":44,"column":13}}},"fnMap":{"0":{"name":"(anonymous_0)","decl":{"start":{"line":13,"column":30},"end":{"line":13,"column":31}},"loc":{"start":{"line":14,"column":4},"end":{"line":46,"column":5}},"line":14},"1":{"name":"(anonymous_1)","decl":{"start":{"line":14,"column":4},"end":{"line":14,"column":5}},"loc":{"start":{"line":14,"column":30},"end":{"line":46,"column":5}},"line":14}},"branchMap":{"0":{"loc":{"start":{"line":18,"column":12},"end":{"line":28,"column":13}},"type":"if","locations":[{"start":{"line":18,"column":12},"end":{"line":28,"column":13}},{"start":{},"end":{}}],"line":18},"1":{"loc":{"start":{"line":31,"column":49},"end":{"line":31,"column":71}},"type":"binary-expr","locations":[{"start":{"line":31,"column":49},"end":{"line":31,"column":65}},{"start":{"line":31,"column":69},"end":{"line":31,"column":71}}],"line":31}},"s":{"0":3,"1":3,"2":3,"3":14,"4":40,"5":40,"6":39,"7":3,"8":36,"9":32,"10":32,"11":5,"12":5,"13":5},"f":{"0":14,"1":40},"b":{"0":[3,36],"1":[32,21]},"_coverageSchema":"1a1c01bbd47fc00a2c39e90264f33305004495a9","hash":"5b6ed494cab9932f061d61a9bee8e4080828ff53"}
,"/home/user/cryfs-web-next/backend/newsletter.js": {"path":"/home/user/cryfs-web-next/backend/newsletter.js","statementMap":{"0":{"start":{"line":10,"column":18},"end":{"line":17,"column":2}},"1":{"start":{"line":11,"column":20},"end":{"line":11,"column":53}},"2":{"start":{"line":12,"column":22},"end":{"line":12,"column":57}},"3":{"start":{"line":13,"column":4},"end":{"line":16,"column":5}},"4":{"start":{"line":19,"column":25},"end":{"line":24,"column":1}},"5":{"start":{"line":26,"column":37},"end":{"line":32,"column":1}},"6":{"start":{"line":34,"column":36},"end":{"line":40,"column":1}},"7":{"start":{"line":42,"column":31},"end":{"line":47,"column":1}},"8":{"start":{"line":49,"column":24},"end":{"line":51,"column":1}},"9":{"start":{"line":50,"column":4},"end":{"line":50,"column":28}},"10":{"start":{"line":53,"column":28},"end":{"line":59,"column":1}},"11":{"start":{"line":54,"column":15},"end":{"line":54,"column":36}},"12":{"start":{"line":55,"column":21},"end":{"line":57,"column":6}},"13":{"start":{"line":58,"column":4},"end":{"line":58,"column":46}},"14":{"start":{"line":62,"column":20},"end":{"line":71,"column":1}},"15":{"start":{"line":63,"column":15},"end":{"line":63,"column":36}},"16":{"start":{"line":64,"column":4},"end":{"line":70,"column":6}},"17":{"start":{"line":73,"column":20},"end":{"line":116,"column":1}},"18":{"start":{"line":74,"column":15},"end":{"line":74,"column":36}},"19":{"start":{"line":75,"column":4},"end":{"line":110,"column":5}},"20":{"start":{"line":76,"column":8},"end":{"line":82,"column":10}},"21":{"start":{"line":84,"column":8},"end":{"line":109,"column":9}},"22":{"start":{"line":85,"column":34},"end":{"line":85,"column":66}},"23":{"start":{"line":86,"column":12},"end":{"line":96,"column":13}},"24":{"start":{"line":87,"column":16},"end":{"line":87,"column":88}},"25":{"start":{"line":88,"column":16},"end":{"line":88,"column":190}},"26":{"start":{"line":90,"column":16},"end":{"line":90,"column":39}},"27":{"start":{"line":92,"column":16},"end":{"line":92,"column":40}},"28":{"start":{"line":93,"column":16},"end":{"line":93,"column":79}},"29":{"start":{"line":94,"column":16},"end":{"line":94,"column":156}},"30":{"start":{"line":95,"column":16},"end":{"line":95,"column":39}},"31":{"start":{"line":97,"column":15},"end":{"line":109,"column":9}},"32":{"start":{"line":98,"column":12},"end":{"line":98,"column":90}},"33":{"start":{"line":99,"column":12},"end":{"line":99,"column":240}},"34":{"start":{"line":100,"column":12},"end":{"line":100,"column":47}},"35":{"start":{"line":101,"column":15},"end":{"line":109,"column":9}},"36":{"start":{"line":102,"column":12},"end":{"line":102,"column":90}},"37":{"start":{"line":103,"column":12},"end":{"line":103,"column":208}},"38":{"start":{"line":104,"column":12},"end":{"line":104,"column":46}},"39":{"start":{"line":106,"column":12},"end":{"line":106,"column":111}},"40":{"start":{"line":107,"column":12},"end":{"line":107,"column":177}},"41":{"start":{"line":108,"column":12},"end":{"line":108,"column":41}},"42":{"start":{"line":112,"column":4},"end":{"line":112,"column":117}},"43":{"start":{"line":113,"column":4},"end":{"line":113,"column":54}},"44":{"start":{"line":115,"column":4},"end":{"line":115,"column":27}},"45":{"start":{"line":118,"column":24},"end":{"line":120,"column":2}},"46":{"start":{"line":119,"column":4},"end":{"line":119,"column":43}}},"fnMap":{"0":{"name":"(anonymous_0)","decl":{"start":{"line":10,"column":34},"end":{"line":10,"column":35}},"loc":{"start":{"line":10,"column":46},"end":{"line":17,"column":1}},"line":10},"1":{"name":"(anonymous_1)","decl":{"start":{"line":49,"column":24},"end":{"line":49,"column":25}},"loc":{"start":{"line":50,"column":4},"end":{"line":50,"column":28}},"line":50},"2":{"name":"(anonymous_2)","decl":{"start":{"line":53,"column":28},"end":{"line":53,"column":29}},"loc":{"start":{"line":53,"column":45},"end":{"line":59,"column":1}},"line":53},"3":{"name":"(anonymous_3)","decl":{"start":{"line":62,"column":20},"end":{"line":62,"column":21}},"loc":{"start":{"line":62,"column":37},"end":{"line":71,"column":1}},"line":62},"4":{"name":"(anonymous_4)","decl":{"start":{"line":73,"column":20},"end":{"line":73,"column":21}},"loc":{"start":{"line":73,"column":37},"end":{"line":116,"column":1}},"line":73},"5":{"name":"(anonymous_5)","decl":{"start":{"line":118,"column":39},"end":{"line":118,"column":40}},"loc":{"start":{"line":118,"column":55},"end":{"line":120,"column":1}},"line":118}},"branchMap":{"0":{"loc":{"start":{"line":84,"column":8},"end":{"line":109,"column":9}},"type":"if","locations":[{"start":{"line":84,"column":8},"end":{"line":109,"column":9}},{"start":{"line":97,"column":15},"end":{"line":109,"column":9}}],"line":84},"1":{"loc":{"start":{"line":86,"column":12},"end":{"line":96,"column":13}},"type":"if","locations":[{"start":{"line":86,"column":12},"end":{"line":96,"column":13}},{"start":{"line":91,"column":19},"end":{"line":96,"column":13}}],"line":86},"2":{"loc":{"start":{"line":97,"column":15},"end":{"line":109,"column":9}},"type":"if","locations":[{"start":{"line":97,"column":15},"end":{"line":109,"column":9}},{"start":{"line":101,"column":15},"end":{"line":109,"column":9}}],"line":97},"3":{"loc":{"start":{"line":101,"column":15},"end":{"line":109,"column":9}},"type":"if","locations":[{"start":{"line":101,"column":15},"end":{"line":109,"column":9}},{"start":{"line":105,"column":15},"end":{"line":109,"column":9}}],"line":101}},"s":{"0":1,"1":1,"2":1,"3":1,"4":1,"5":1,"6":1,"7":1,"8":1,"9":6,"10":1,"11":4,"12":4,"13":4,"14":1,"15":2,"16":2,"17":1,"18":14,"19":14,"20":14,"21":9,"22":4,"23":4,"24":2,"25":2,"26":2,"27":2,"28":2,"29":2,"30":2,"31":5,"32":3,"33":3,"34":3,"35":2,"36":1,"37":1,"38":1,"39":1,"40":1,"41":1,"42":5,"43":5,"44":5,"45":1,"46":14},"f":{"0":1,"1":6,"2":4,"3":2,"4":14,"5":14},"b":{"0":[4,5],"1":[2,2],"2":[3,2],"3":[1,1]},"_coverageSchema":"1a1c01bbd47fc00a2c39e90264f33305004495a9","hash":"cc660e75d00d15fa2e8a7641182cb9d54f053c5c"}
,"/home/user/cryfs-web-next/backend/secret.js": {"path":"/home/user/cryfs-web-next/backend/secret.js","statementMap":{"0":{"start":{"line":7,"column":12},"end":{"line":7,"column":25}},"1":{"start":{"line":8,"column":0},"end":{"line":8,"column":58}},"2":{"start":{"line":10,"column":13},"end":{"line":14,"column":1}},"3":{"start":{"line":16,"column":20},"end":{"line":37,"column":1}},"4":{"start":{"line":17,"column":21},"end":{"line":22,"column":5}},"5":{"start":{"line":18,"column":22},"end":{"line":18,"column":63}},"6":{"start":{"line":18,"column":39},"end":{"line":18,"column":62}},"7":{"start":{"line":19,"column":8},"end":{"line":21,"column":9}},"8":{"start":{"line":20,"column":12},"end":{"line":20,"column":55}},"9":{"start":{"line":24,"column":16},"end":{"line":27,"column":5}},"10":{"start":{"line":28,"column":17},"end":{"line":28,"column":50}},"11":{"start":{"line":30,"column":17},"end":{"line":30,"column":19}},"12":{"start":{"line":31,"column":4},"end":{"line":33,"column":5}},"13":{"start":{"line":32,"column":8},"end":{"line":32,"column":32}},"14":{"start":{"line":35,"column":4},"end":{"line":35,"column":26}},"15":{"start":{"line":36,"column":4},"end":{"line":36,"column":17}},"16":{"start":{"line":39,"column":16},"end":{"line":39,"column":44}},"17":{"start":{"line":42,"column":26},"end":{"line":42,"column":45}},"18":{"start":{"line":43,"column":4},"end":{"line":43,"column":29}}},"fnMap":{"0":{"name":"(anonymous_0)","decl":{"start":{"line":16,"column":20},"end":{"line":16,"column":21}},"loc":{"start":{"line":16,"column":32},"end":{"line":37,"column":1}},"line":16},"1":{"name":"(anonymous_1)","decl":{"start":{"line":17,"column":21},"end":{"line":17,"column":22}},"loc":{"start":{"line":17,"column":39},"end":{"line":22,"column":5}},"line":17},"2":{"name":"(anonymous_2)","decl":{"start":{"line":18,"column":34},"end":{"line":18,"column":35}},"loc":{"start":{"line":18,"column":39},"end":{"line":18,"column":62}},"line":18},"3":{"name":"(anonymous_3)","decl":{"start":{"line":41,"column":15},"end":{"line":41,"column":16}},"loc":{"start":{"line":41,"column":30},"end":{"line":44,"column":1}},"line":41}},"branchMap":{"0":{"loc":{"start":{"line":19,"column":8},"end":{"line":21,"column":9}},"type":"if","locations":[{"start":{"line":19,"column":8},"end":{"line":21,"column":9}},{"start":{},"end":{}}],"line":19}},"s":{"0":1,"1":1,"2":1,"3":1,"4":1,"5":1,"6":3,"7":1,"8":0,"9":1,"10":1,"11":1,"12":1,"13":3,"14":1,"15":1,"16":1,"17":11,"18":11},"f":{"0":1,"1":1,"2":3,"3":11},"b":{"0":[0,1]},"_coverageSchema":"1a1c01bbd47fc00a2c39e90264f33305004495a9","hash":"ade4c68a3bc7533d8066abcfc24d1f52ca159ad8"}
}
