TN:
SF:cached_value.js
FN:6,(anonymous_0)
FN:11,(anonymous_1)
FN:12,(anonymous_2)
FNF:3
FNH:3
FNDA:12,(anonymous_0)
FNDA:62,(anonymous_1)
FNDA:62,(anonymous_2)
DA:7,12
DA:8,12
DA:11,12
DA:12,62
DA:13,62
DA:14,14
DA:16,60
LF:7
LH:7
BRDA:13,0,0,14
BRDA:13,0,1,48
BRF:2
BRH:2
end_of_record
TN:
SF:contact.js
FN:6,(anonymous_0)
FN:17,(anonymous_1)
FNF:2
FNH:2
FNDA:13,(anonymous_0)
FNDA:13,(anonymous_1)
DA:6,1
DA:7,13
DA:8,13
DA:9,3
DA:11,10
DA:13,13
DA:14,12
DA:17,1
DA:18,13
DA:20,12
LF:10
LH:10
BRDA:8,0,0,3
BRDA:8,0,1,10
BRF:2
BRH:2
end_of_record
TN:
SF:email.js
FN:7,(anonymous_0)
FN:13,(anonymous_1)
FNF:2
FNH:2
FNDA:1,(anonymous_0)
FNDA:11,(anonymous_1)
DA:7,1
DA:8,1
DA:9,1
DA:10,1
DA:13,1
DA:14,11
DA:23,11
DA:24,1
DA:26,11
DA:27,11
LF:10
LH:10
BRDA:13,0,0,9
BRDA:23,1,0,1
BRDA:23,1,1,10
BRDA:23,2,0,11
BRDA:23,2,1,2
BRF:5
BRH:5
end_of_record
TN:
SF:lambda_function.js
FN:13,(anonymous_0)
FN:14,(anonymous_1)
FNF:2
FNH:2
FNDA:14,(anonymous_0)
FNDA:40,(anonymous_1)
DA:5,3
DA:7,3
DA:13,3
DA:14,14
DA:15,40
DA:16,40
DA:18,39
DA:20,3
DA:30,36
DA:31,32
DA:32,32
DA:35,5
DA:36,5
DA:38,5
LF:14
LH:14
BRDA:18,0,0,3
BRDA:18,0,1,36
BRDA:31,1,0,32
BRDA:31,1,1,21
BRF:4
BRH:4
end_of_record
TN:
SF:newsletter.js
FN:10,(anonymous_0)
FN:49,(anonymous_1)
FN:53,(anonymous_2)
FN:62,(anonymous_3)
FN:73,(anonymous_4)
FN:118,(anonymous_5)
FNF:6
FNH:6
FNDA:1,(anonymous_0)
FNDA:6,(anonymous_1)
FNDA:4,(anonymous_2)
FNDA:2,(anonymous_3)
FNDA:14,(anonymous_4)
FNDA:14,(anonymous_5)
DA:10,1
DA:11,1
DA:12,1
DA:13,1
DA:19,1
DA:26,1
DA:34,1
DA:42,1
DA:49,1
DA:50,6
DA:53,1
DA:54,4
DA:55,4
DA:58,4
DA:62,1
DA:63,2
DA:64,2
DA:73,1
DA:74,14
DA:75,14
DA:76,14
DA:84,9
DA:85,4
DA:86,4
DA:87,2
DA:88,2
DA:90,2
DA:92,2
DA:93,2
DA:94,2
DA:95,2
DA:97,5
DA:98,3
DA:99,3
DA:100,3
DA:101,2
DA:102,1
DA:103,1
DA:104,1
DA:106,1
DA:107,1
DA:108,1
DA:112,5
DA:113,5
DA:115,5
DA:118,1
DA:119,14
LF:47
LH:47
BRDA:84,0,0,4
BRDA:84,0,1,5
BRDA:86,1,0,2
BRDA:86,1,1,2
BRDA:97,2,0,3
BRDA:97,2,1,2
BRDA:101,3,0,1
BRDA:101,3,1,1
BRF:8
BRH:8
end_of_record
TN:
SF:secret.js
FN:16,(anonymous_0)
FN:17,(anonymous_1)
FN:18,(anonymous_2)
FN:41,(anonymous_3)
FNF:4
FNH:4
FNDA:1,(anonymous_0)
FNDA:1,(anonymous_1)
FNDA:3,(anonymous_2)
FNDA:11,(anonymous_3)
DA:7,1
DA:8,1
DA:10,1
DA:16,1
DA:17,1
DA:18,3
DA:19,1
DA:20,0
DA:24,1
DA:28,1
DA:30,1
DA:31,1
DA:32,3
DA:35,1
DA:36,1
DA:39,1
DA:42,11
DA:43,11
LF:18
LH:17
BRDA:19,0,0,0
BRDA:19,0,1,1
BRF:2
BRH:1
end_of_record
